Copyright 1986-2022 Xilinx, Inc. All Rights Reserved. Copyright 2022-2023 Advanced Micro Devices, Inc. All Rights Reserved.
---------------------------------------------------------------------------------------------------------------------------------------------
| Tool Version : Vivado v.2023.2 (win64) Build 4029153 Fri Oct 13 20:14:34 MDT 2023
| Date         : Wed Apr 10 14:46:36 2024
| Host         : EWESTERHOFF running 64-bit major release  (build 9200)
| Command      : report_control_sets -verbose -file Zybo_Z7_top_control_sets_placed.rpt
| Design       : Zybo_Z7_top
| Device       : xc7z010
---------------------------------------------------------------------------------------------------------------------------------------------

Control Set Information

Table of Contents
-----------------
1. Summary
2. Histogram
3. Flip-Flop Distribution
4. Detailed Control Set Information

1. Summary
----------

+----------------------------------------------------------+-------+
|                          Status                          | Count |
+----------------------------------------------------------+-------+
| Total control sets                                       |     3 |
|    Minimum number of control sets                        |     3 |
|    Addition due to synthesis replication                 |     0 |
|    Addition due to physical synthesis replication        |     0 |
| Unused register locations in slices containing registers |    10 |
+----------------------------------------------------------+-------+
* Control sets can be merged at opt_design using control_set_merge or merge_equivalent_drivers
** Run report_qor_suggestions for automated merging and remapping suggestions


2. Histogram
------------

+--------------------+-------+
|       Fanout       | Count |
+--------------------+-------+
| Total control sets |     3 |
| >= 0 to < 4        |     1 |
| >= 4 to < 6        |     1 |
| >= 6 to < 8        |     0 |
| >= 8 to < 10       |     1 |
| >= 10 to < 12      |     0 |
| >= 12 to < 14      |     0 |
| >= 14 to < 16      |     0 |
| >= 16              |     0 |
+--------------------+-------+
* Control sets can be remapped at either synth_design or opt_design


3. Flip-Flop Distribution
-------------------------

+--------------+-----------------------+------------------------+-----------------+--------------+
| Clock Enable | Synchronous Set/Reset | Asynchronous Set/Reset | Total Registers | Total Slices |
+--------------+-----------------------+------------------------+-----------------+--------------+
| No           | No                    | No                     |               0 |            0 |
| No           | No                    | Yes                    |               2 |            2 |
| No           | Yes                   | No                     |               4 |            2 |
| Yes          | No                    | No                     |               0 |            0 |
| Yes          | No                    | Yes                    |               8 |            2 |
| Yes          | Yes                   | No                     |               0 |            0 |
+--------------+-----------------------+------------------------+-----------------+--------------+


4. Detailed Control Set Information
-----------------------------------

+-------------------+----------------------------------------------------------------------+------------------------------------------------------------------------------------------+------------------+----------------+--------------+
|    Clock Signal   |                             Enable Signal                            |                                     Set/Reset Signal                                     | Slice Load Count | Bel Load Count | Bels / Slice |
+-------------------+----------------------------------------------------------------------+------------------------------------------------------------------------------------------+------------------+----------------+--------------+
|  sysclk_IBUF_BUFG |                                                                      | n_rst_IBUF                                                                               |                2 |              2 |         1.00 |
|  sysclk_IBUF_BUFG |                                                                      | cpu/ecen5593_startercode/core/codasip_startup_ctrl/main_ACT_reg/ASYNC_LOW.Q_reg_reg[0]_1 |                2 |              4 |         2.00 |
|  sysclk_IBUF_BUFG | cpu/ecen5593_startercode/core/codasip_startup_ctrl/main_ACT_reg/E[0] | n_rst_IBUF                                                                               |                2 |              8 |         4.00 |
+-------------------+----------------------------------------------------------------------+------------------------------------------------------------------------------------------+------------------+----------------+--------------+


