
*** Running vivado
    with args -log Zybo_Z7_top.vds -m64 -product Vivado -mode batch -messageDb vivado.pb -notrace -source Zybo_Z7_top.tcl


ECHO is off.
ECHO is off.

****** Vivado v2023.2 (64-bit)
  **** SW Build 4029153 on Fri Oct 13 20:14:34 MDT 2023
  **** IP Build 4028589 on Sat Oct 14 00:45:43 MDT 2023
  **** SharedData Build 4025554 on Tue Oct 10 17:18:54 MDT 2023
    ** Copyright 1986-2022 Xilinx, Inc. All Rights Reserved.
    ** Copyright 2022-2023 Advanced Micro Devices, Inc. All Rights Reserved.

source Zybo_Z7_top.tcl -notrace
create_project: Time (s): cpu = 00:00:06 ; elapsed = 00:00:07 . Memory (MB): peak = 520.617 ; gain = 214.594
Command: read_checkpoint -auto_incremental -incremental C:/Users/etwes/OneDrive/Documents/Sping_2024/Adv_Cmp_Arch/zynq-risc-v/zynq-risc-v/zynq-risc-v.srcs/utils_1/imports/synth_1/ecen5593_startercode_ca_top.dcp
INFO: [Vivado 12-5825] Read reference checkpoint from C:/Users/etwes/OneDrive/Documents/Sping_2024/Adv_Cmp_Arch/zynq-risc-v/zynq-risc-v/zynq-risc-v.srcs/utils_1/imports/synth_1/ecen5593_startercode_ca_top.dcp for incremental synthesis
INFO: [Vivado 12-7989] Please ensure there are no constraint changes
Command: synth_design -top Zybo_Z7_top -part xc7z010clg400-1
Starting synth_design
Attempting to get a license for feature 'Synthesis' and/or device 'xc7z010'
INFO: [Common 17-349] Got license for feature 'Synthesis' and/or device 'xc7z010'
INFO: [Device 21-403] Loading part xc7z010clg400-1
INFO: [Designutils 20-5440] No compile time benefit to using incremental synthesis; A full resynthesis will be run
INFO: [Designutils 20-4379] Flow is switching to default flow due to incremental criteria not met. If you would like to alter this behaviour and have the flow terminate instead, please set the following parameter config_implementation {autoIncr.Synth.RejectBehavior Terminate}
INFO: [Synth 8-7079] Multithreading enabled for synth_design using a maximum of 2 processes.
INFO: [Synth 8-7078] Launching helper process for spawning children vivado processes
INFO: [Synth 8-7075] Helper process launched with PID 50464
---------------------------------------------------------------------------------
Starting RTL Elaboration : Time (s): cpu = 00:00:04 ; elapsed = 00:00:04 . Memory (MB): peak = 1357.316 ; gain = 440.316
---------------------------------------------------------------------------------
INFO: [Synth 8-6157] synthesizing module 'Zybo_Z7_top' [C:/Users/etwes/OneDrive/Documents/Sping_2024/Adv_Cmp_Arch/zynq-risc-v/zynq-risc-v/zynq-risc-v.srcs/sources_1/new/Zybo_Z7_top.v:23]
INFO: [Synth 8-3876] $readmem data file 'ldst_instr.mem' is read successfully [C:/Users/etwes/OneDrive/Documents/Sping_2024/Adv_Cmp_Arch/zynq-risc-v/zynq-risc-v/zynq-risc-v.srcs/sources_1/new/Zybo_Z7_top.v:164]
INFO: [Synth 8-6157] synthesizing module 'ecen5593_startercode_ca_top' [C:/Users/etwes/OneDrive/Documents/Sping_2024/Adv_Cmp_Arch/zynq-risc-v/zynq-risc-v/zynq-risc-v.srcs/sources_1/imports/verilog/ecen5593_startercode_ca_top.v:20]
INFO: [Synth 8-6157] synthesizing module 'ecen5593_startercode_ca' [C:/Users/etwes/OneDrive/Documents/Sping_2024/Adv_Cmp_Arch/zynq-risc-v/zynq-risc-v/zynq-risc-v.srcs/sources_1/imports/verilog/ecen5593_startercode_ca.v:20]
INFO: [Synth 8-6157] synthesizing module 'ecen5593_startercode_ca_if_code_t' [C:/Users/etwes/OneDrive/Documents/Sping_2024/Adv_Cmp_Arch/zynq-risc-v/zynq-risc-v/zynq-risc-v.srcs/sources_1/imports/verilog/ecen5593_startercode_ca_if_code_t.v:20]
INFO: [Synth 8-6155] done synthesizing module 'ecen5593_startercode_ca_if_code_t' (0#1) [C:/Users/etwes/OneDrive/Documents/Sping_2024/Adv_Cmp_Arch/zynq-risc-v/zynq-risc-v/zynq-risc-v.srcs/sources_1/imports/verilog/ecen5593_startercode_ca_if_code_t.v:20]
INFO: [Synth 8-6157] synthesizing module 'ecen5593_startercode_ca_ldst_t' [C:/Users/etwes/OneDrive/Documents/Sping_2024/Adv_Cmp_Arch/zynq-risc-v/zynq-risc-v/zynq-risc-v.srcs/sources_1/imports/verilog/ecen5593_startercode_ca_ldst_t.v:20]
INFO: [Synth 8-6155] done synthesizing module 'ecen5593_startercode_ca_ldst_t' (0#1) [C:/Users/etwes/OneDrive/Documents/Sping_2024/Adv_Cmp_Arch/zynq-risc-v/zynq-risc-v/zynq-risc-v.srcs/sources_1/imports/verilog/ecen5593_startercode_ca_ldst_t.v:20]
INFO: [Synth 8-6157] synthesizing module 'ecen5593_startercode_ca_core_t' [C:/Users/etwes/OneDrive/Documents/Sping_2024/Adv_Cmp_Arch/zynq-risc-v/zynq-risc-v/zynq-risc-v.srcs/sources_1/imports/verilog/ecen5593_startercode_ca_core_t.v:20]
INFO: [Synth 8-6157] synthesizing module 'd_ff_rst_we_stall_clr_t' [C:/Users/etwes/OneDrive/Documents/Sping_2024/Adv_Cmp_Arch/zynq-risc-v/zynq-risc-v/zynq-risc-v.srcs/sources_1/imports/common/d_ff_rst_we_stall_clr_t.v:20]
	Parameter BIT_WIDTH bound to: 32 - type: integer 
	Parameter DEFAULT_VALUE bound to: 0 - type: integer 
	Parameter RESET_LEVEL bound to: 1'b0 
	Parameter RESET_SYNC bound to: 1'b0 
INFO: [Synth 8-6155] done synthesizing module 'd_ff_rst_we_stall_clr_t' (0#1) [C:/Users/etwes/OneDrive/Documents/Sping_2024/Adv_Cmp_Arch/zynq-risc-v/zynq-risc-v/zynq-risc-v.srcs/sources_1/imports/common/d_ff_rst_we_stall_clr_t.v:20]
INFO: [Synth 8-6157] synthesizing module 'd_ff_rst_we_t' [C:/Users/etwes/OneDrive/Documents/Sping_2024/Adv_Cmp_Arch/zynq-risc-v/zynq-risc-v/zynq-risc-v.srcs/sources_1/imports/common/d_ff_rst_we_t.v:20]
	Parameter BIT_WIDTH bound to: 32 - type: integer 
	Parameter DEFAULT_VALUE bound to: 0 - type: integer 
	Parameter RESET_LEVEL bound to: 1'b0 
	Parameter RESET_SYNC bound to: 1'b0 
INFO: [Synth 8-6155] done synthesizing module 'd_ff_rst_we_t' (0#1) [C:/Users/etwes/OneDrive/Documents/Sping_2024/Adv_Cmp_Arch/zynq-risc-v/zynq-risc-v/zynq-risc-v.srcs/sources_1/imports/common/d_ff_rst_we_t.v:20]
INFO: [Synth 8-6157] synthesizing module 'd_ff_rst_we_stall_clr_t__parameterized0' [C:/Users/etwes/OneDrive/Documents/Sping_2024/Adv_Cmp_Arch/zynq-risc-v/zynq-risc-v/zynq-risc-v.srcs/sources_1/imports/common/d_ff_rst_we_stall_clr_t.v:20]
	Parameter BIT_WIDTH bound to: 4 - type: integer 
	Parameter DEFAULT_VALUE bound to: 4'b0000 
	Parameter RESET_LEVEL bound to: 1'b0 
	Parameter RESET_SYNC bound to: 1'b0 
INFO: [Synth 8-6155] done synthesizing module 'd_ff_rst_we_stall_clr_t__parameterized0' (0#1) [C:/Users/etwes/OneDrive/Documents/Sping_2024/Adv_Cmp_Arch/zynq-risc-v/zynq-risc-v/zynq-risc-v.srcs/sources_1/imports/common/d_ff_rst_we_stall_clr_t.v:20]
INFO: [Synth 8-6157] synthesizing module 'd_ff_rst_we_stall_clr_t__parameterized1' [C:/Users/etwes/OneDrive/Documents/Sping_2024/Adv_Cmp_Arch/zynq-risc-v/zynq-risc-v/zynq-risc-v.srcs/sources_1/imports/common/d_ff_rst_we_stall_clr_t.v:20]
	Parameter BIT_WIDTH bound to: 2 - type: integer 
	Parameter DEFAULT_VALUE bound to: 2'b00 
	Parameter RESET_LEVEL bound to: 1'b0 
	Parameter RESET_SYNC bound to: 1'b0 
INFO: [Synth 8-6155] done synthesizing module 'd_ff_rst_we_stall_clr_t__parameterized1' (0#1) [C:/Users/etwes/OneDrive/Documents/Sping_2024/Adv_Cmp_Arch/zynq-risc-v/zynq-risc-v/zynq-risc-v.srcs/sources_1/imports/common/d_ff_rst_we_stall_clr_t.v:20]
INFO: [Synth 8-6157] synthesizing module 'd_ff_rst_we_stall_clr_t__parameterized2' [C:/Users/etwes/OneDrive/Documents/Sping_2024/Adv_Cmp_Arch/zynq-risc-v/zynq-risc-v/zynq-risc-v.srcs/sources_1/imports/common/d_ff_rst_we_stall_clr_t.v:20]
	Parameter BIT_WIDTH bound to: 1 - type: integer 
	Parameter DEFAULT_VALUE bound to: 1'b0 
	Parameter RESET_LEVEL bound to: 1'b0 
	Parameter RESET_SYNC bound to: 1'b0 
INFO: [Synth 8-6155] done synthesizing module 'd_ff_rst_we_stall_clr_t__parameterized2' (0#1) [C:/Users/etwes/OneDrive/Documents/Sping_2024/Adv_Cmp_Arch/zynq-risc-v/zynq-risc-v/zynq-risc-v.srcs/sources_1/imports/common/d_ff_rst_we_stall_clr_t.v:20]
INFO: [Synth 8-6157] synthesizing module 'd_ff_rst_we_stall_clr_t__parameterized3' [C:/Users/etwes/OneDrive/Documents/Sping_2024/Adv_Cmp_Arch/zynq-risc-v/zynq-risc-v/zynq-risc-v.srcs/sources_1/imports/common/d_ff_rst_we_stall_clr_t.v:20]
	Parameter BIT_WIDTH bound to: 3 - type: integer 
	Parameter DEFAULT_VALUE bound to: 3'b000 
	Parameter RESET_LEVEL bound to: 1'b0 
	Parameter RESET_SYNC bound to: 1'b0 
INFO: [Synth 8-6155] done synthesizing module 'd_ff_rst_we_stall_clr_t__parameterized3' (0#1) [C:/Users/etwes/OneDrive/Documents/Sping_2024/Adv_Cmp_Arch/zynq-risc-v/zynq-risc-v/zynq-risc-v.srcs/sources_1/imports/common/d_ff_rst_we_stall_clr_t.v:20]
INFO: [Synth 8-6157] synthesizing module 'd_ff_rst_we_stall_clr_t__parameterized4' [C:/Users/etwes/OneDrive/Documents/Sping_2024/Adv_Cmp_Arch/zynq-risc-v/zynq-risc-v/zynq-risc-v.srcs/sources_1/imports/common/d_ff_rst_we_stall_clr_t.v:20]
	Parameter BIT_WIDTH bound to: 5 - type: integer 
	Parameter DEFAULT_VALUE bound to: 5'b00000 
	Parameter RESET_LEVEL bound to: 1'b0 
	Parameter RESET_SYNC bound to: 1'b0 
INFO: [Synth 8-6155] done synthesizing module 'd_ff_rst_we_stall_clr_t__parameterized4' (0#1) [C:/Users/etwes/OneDrive/Documents/Sping_2024/Adv_Cmp_Arch/zynq-risc-v/zynq-risc-v/zynq-risc-v.srcs/sources_1/imports/common/d_ff_rst_we_stall_clr_t.v:20]
INFO: [Synth 8-6157] synthesizing module 'd_ff_rst_we_t__parameterized0' [C:/Users/etwes/OneDrive/Documents/Sping_2024/Adv_Cmp_Arch/zynq-risc-v/zynq-risc-v/zynq-risc-v.srcs/sources_1/imports/common/d_ff_rst_we_t.v:20]
	Parameter BIT_WIDTH bound to: 1 - type: integer 
	Parameter DEFAULT_VALUE bound to: 1'b1 
	Parameter RESET_LEVEL bound to: 1'b0 
	Parameter RESET_SYNC bound to: 1'b0 
INFO: [Synth 8-6155] done synthesizing module 'd_ff_rst_we_t__parameterized0' (0#1) [C:/Users/etwes/OneDrive/Documents/Sping_2024/Adv_Cmp_Arch/zynq-risc-v/zynq-risc-v/zynq-risc-v.srcs/sources_1/imports/common/d_ff_rst_we_t.v:20]
INFO: [Synth 8-6157] synthesizing module 'd_ff_rst_we_t__parameterized1' [C:/Users/etwes/OneDrive/Documents/Sping_2024/Adv_Cmp_Arch/zynq-risc-v/zynq-risc-v/zynq-risc-v.srcs/sources_1/imports/common/d_ff_rst_we_t.v:20]
	Parameter BIT_WIDTH bound to: 1 - type: integer 
	Parameter DEFAULT_VALUE bound to: 1'b0 
	Parameter RESET_LEVEL bound to: 1'b0 
	Parameter RESET_SYNC bound to: 1'b0 
INFO: [Synth 8-6155] done synthesizing module 'd_ff_rst_we_t__parameterized1' (0#1) [C:/Users/etwes/OneDrive/Documents/Sping_2024/Adv_Cmp_Arch/zynq-risc-v/zynq-risc-v/zynq-risc-v.srcs/sources_1/imports/common/d_ff_rst_we_t.v:20]
INFO: [Synth 8-6157] synthesizing module 'd_ff_rst_we_t__parameterized2' [C:/Users/etwes/OneDrive/Documents/Sping_2024/Adv_Cmp_Arch/zynq-risc-v/zynq-risc-v/zynq-risc-v.srcs/sources_1/imports/common/d_ff_rst_we_t.v:20]
	Parameter BIT_WIDTH bound to: 32 - type: integer 
	Parameter DEFAULT_VALUE bound to: 4096 - type: integer 
	Parameter RESET_LEVEL bound to: 1'b0 
	Parameter RESET_SYNC bound to: 1'b0 
INFO: [Synth 8-6155] done synthesizing module 'd_ff_rst_we_t__parameterized2' (0#1) [C:/Users/etwes/OneDrive/Documents/Sping_2024/Adv_Cmp_Arch/zynq-risc-v/zynq-risc-v/zynq-risc-v.srcs/sources_1/imports/common/d_ff_rst_we_t.v:20]
INFO: [Synth 8-6157] synthesizing module 'ecen5593_startercode_ca_core_rf_xpr_t' [C:/Users/etwes/OneDrive/Documents/Sping_2024/Adv_Cmp_Arch/zynq-risc-v/zynq-risc-v/zynq-risc-v.srcs/sources_1/imports/verilog/ecen5593_startercode_ca_core_rf_xpr_t.v:26]
INFO: [Synth 8-6155] done synthesizing module 'ecen5593_startercode_ca_core_rf_xpr_t' (0#1) [C:/Users/etwes/OneDrive/Documents/Sping_2024/Adv_Cmp_Arch/zynq-risc-v/zynq-risc-v/zynq-risc-v.srcs/sources_1/imports/verilog/ecen5593_startercode_ca_core_rf_xpr_t.v:26]
INFO: [Synth 8-6157] synthesizing module 'ecen5593_startercode_ca_core_pipeline_control_t' [C:/Users/etwes/OneDrive/Documents/Sping_2024/Adv_Cmp_Arch/zynq-risc-v/zynq-risc-v/zynq-risc-v.srcs/sources_1/imports/verilog/ecen5593_startercode_ca_core_pipeline_control_t.v:20]
INFO: [Synth 8-6155] done synthesizing module 'ecen5593_startercode_ca_core_pipeline_control_t' (0#1) [C:/Users/etwes/OneDrive/Documents/Sping_2024/Adv_Cmp_Arch/zynq-risc-v/zynq-risc-v/zynq-risc-v.srcs/sources_1/imports/verilog/ecen5593_startercode_ca_core_pipeline_control_t.v:20]
INFO: [Synth 8-6157] synthesizing module 'ecen5593_startercode_ca_core_wb_t' [C:/Users/etwes/OneDrive/Documents/Sping_2024/Adv_Cmp_Arch/zynq-risc-v/zynq-risc-v/zynq-risc-v.srcs/sources_1/imports/verilog/ecen5593_startercode_ca_core_wb_t.v:20]
INFO: [Synth 8-6155] done synthesizing module 'ecen5593_startercode_ca_core_wb_t' (0#1) [C:/Users/etwes/OneDrive/Documents/Sping_2024/Adv_Cmp_Arch/zynq-risc-v/zynq-risc-v/zynq-risc-v.srcs/sources_1/imports/verilog/ecen5593_startercode_ca_core_wb_t.v:20]
INFO: [Synth 8-6157] synthesizing module 'ecen5593_startercode_ca_core_reset_t' [C:/Users/etwes/OneDrive/Documents/Sping_2024/Adv_Cmp_Arch/zynq-risc-v/zynq-risc-v/zynq-risc-v.srcs/sources_1/imports/verilog/ecen5593_startercode_ca_core_reset_t.v:20]
INFO: [Synth 8-6155] done synthesizing module 'ecen5593_startercode_ca_core_reset_t' (0#1) [C:/Users/etwes/OneDrive/Documents/Sping_2024/Adv_Cmp_Arch/zynq-risc-v/zynq-risc-v/zynq-risc-v.srcs/sources_1/imports/verilog/ecen5593_startercode_ca_core_reset_t.v:20]
INFO: [Synth 8-6157] synthesizing module 'ecen5593_startercode_ca_core_ex_memory_t' [C:/Users/etwes/OneDrive/Documents/Sping_2024/Adv_Cmp_Arch/zynq-risc-v/zynq-risc-v/zynq-risc-v.srcs/sources_1/imports/verilog/ecen5593_startercode_ca_core_ex_memory_t.v:20]
INFO: [Synth 8-6155] done synthesizing module 'ecen5593_startercode_ca_core_ex_memory_t' (0#1) [C:/Users/etwes/OneDrive/Documents/Sping_2024/Adv_Cmp_Arch/zynq-risc-v/zynq-risc-v/zynq-risc-v.srcs/sources_1/imports/verilog/ecen5593_startercode_ca_core_ex_memory_t.v:20]
INFO: [Synth 8-6157] synthesizing module 'ecen5593_startercode_ca_core_ex_output_t' [C:/Users/etwes/OneDrive/Documents/Sping_2024/Adv_Cmp_Arch/zynq-risc-v/zynq-risc-v/zynq-risc-v.srcs/sources_1/imports/verilog/ecen5593_startercode_ca_core_ex_output_t.v:20]
INFO: [Synth 8-6155] done synthesizing module 'ecen5593_startercode_ca_core_ex_output_t' (0#1) [C:/Users/etwes/OneDrive/Documents/Sping_2024/Adv_Cmp_Arch/zynq-risc-v/zynq-risc-v/zynq-risc-v.srcs/sources_1/imports/verilog/ecen5593_startercode_ca_core_ex_output_t.v:20]
INFO: [Synth 8-6157] synthesizing module 'ecen5593_startercode_ca_core_id_output_t' [C:/Users/etwes/OneDrive/Documents/Sping_2024/Adv_Cmp_Arch/zynq-risc-v/zynq-risc-v/zynq-risc-v.srcs/sources_1/imports/verilog/ecen5593_startercode_ca_core_id_output_t.v:20]
INFO: [Synth 8-6155] done synthesizing module 'ecen5593_startercode_ca_core_id_output_t' (0#1) [C:/Users/etwes/OneDrive/Documents/Sping_2024/Adv_Cmp_Arch/zynq-risc-v/zynq-risc-v/zynq-risc-v.srcs/sources_1/imports/verilog/ecen5593_startercode_ca_core_id_output_t.v:20]
INFO: [Synth 8-6157] synthesizing module 'ecen5593_startercode_ca_core_if_output_t' [C:/Users/etwes/OneDrive/Documents/Sping_2024/Adv_Cmp_Arch/zynq-risc-v/zynq-risc-v/zynq-risc-v.srcs/sources_1/imports/verilog/ecen5593_startercode_ca_core_if_output_t.v:20]
INFO: [Synth 8-6155] done synthesizing module 'ecen5593_startercode_ca_core_if_output_t' (0#1) [C:/Users/etwes/OneDrive/Documents/Sping_2024/Adv_Cmp_Arch/zynq-risc-v/zynq-risc-v/zynq-risc-v.srcs/sources_1/imports/verilog/ecen5593_startercode_ca_core_if_output_t.v:20]
INFO: [Synth 8-6157] synthesizing module 'ecen5593_startercode_ca_core_me_memory_t' [C:/Users/etwes/OneDrive/Documents/Sping_2024/Adv_Cmp_Arch/zynq-risc-v/zynq-risc-v/zynq-risc-v.srcs/sources_1/imports/verilog/ecen5593_startercode_ca_core_me_memory_t.v:20]
INFO: [Synth 8-6155] done synthesizing module 'ecen5593_startercode_ca_core_me_memory_t' (0#1) [C:/Users/etwes/OneDrive/Documents/Sping_2024/Adv_Cmp_Arch/zynq-risc-v/zynq-risc-v/zynq-risc-v.srcs/sources_1/imports/verilog/ecen5593_startercode_ca_core_me_memory_t.v:20]
INFO: [Synth 8-6157] synthesizing module 'ecen5593_startercode_ca_core_me_output_t' [C:/Users/etwes/OneDrive/Documents/Sping_2024/Adv_Cmp_Arch/zynq-risc-v/zynq-risc-v/zynq-risc-v.srcs/sources_1/imports/verilog/ecen5593_startercode_ca_core_me_output_t.v:20]
INFO: [Synth 8-6155] done synthesizing module 'ecen5593_startercode_ca_core_me_output_t' (0#1) [C:/Users/etwes/OneDrive/Documents/Sping_2024/Adv_Cmp_Arch/zynq-risc-v/zynq-risc-v/zynq-risc-v.srcs/sources_1/imports/verilog/ecen5593_startercode_ca_core_me_output_t.v:20]
INFO: [Synth 8-6157] synthesizing module 'ecen5593_startercode_ca_core_ex_t' [C:/Users/etwes/OneDrive/Documents/Sping_2024/Adv_Cmp_Arch/zynq-risc-v/zynq-risc-v/zynq-risc-v.srcs/sources_1/imports/verilog/ecen5593_startercode_ca_core_ex_t.v:20]
INFO: [Synth 8-6155] done synthesizing module 'ecen5593_startercode_ca_core_ex_t' (0#1) [C:/Users/etwes/OneDrive/Documents/Sping_2024/Adv_Cmp_Arch/zynq-risc-v/zynq-risc-v/zynq-risc-v.srcs/sources_1/imports/verilog/ecen5593_startercode_ca_core_ex_t.v:20]
INFO: [Synth 8-6157] synthesizing module 'ecen5593_startercode_ca_core_fe_t' [C:/Users/etwes/OneDrive/Documents/Sping_2024/Adv_Cmp_Arch/zynq-risc-v/zynq-risc-v/zynq-risc-v.srcs/sources_1/imports/verilog/ecen5593_startercode_ca_core_fe_t.v:20]
INFO: [Synth 8-6155] done synthesizing module 'ecen5593_startercode_ca_core_fe_t' (0#1) [C:/Users/etwes/OneDrive/Documents/Sping_2024/Adv_Cmp_Arch/zynq-risc-v/zynq-risc-v/zynq-risc-v.srcs/sources_1/imports/verilog/ecen5593_startercode_ca_core_fe_t.v:20]
INFO: [Synth 8-6157] synthesizing module 'ecen5593_startercode_ca_core_id_t' [C:/Users/etwes/OneDrive/Documents/Sping_2024/Adv_Cmp_Arch/zynq-risc-v/zynq-risc-v/zynq-risc-v.srcs/sources_1/imports/verilog/ecen5593_startercode_ca_core_id_t.v:20]
INFO: [Synth 8-6155] done synthesizing module 'ecen5593_startercode_ca_core_id_t' (0#1) [C:/Users/etwes/OneDrive/Documents/Sping_2024/Adv_Cmp_Arch/zynq-risc-v/zynq-risc-v/zynq-risc-v.srcs/sources_1/imports/verilog/ecen5593_startercode_ca_core_id_t.v:20]
INFO: [Synth 8-6157] synthesizing module 'ecen5593_startercode_ca_core_me_t' [C:/Users/etwes/OneDrive/Documents/Sping_2024/Adv_Cmp_Arch/zynq-risc-v/zynq-risc-v/zynq-risc-v.srcs/sources_1/imports/verilog/ecen5593_startercode_ca_core_me_t.v:20]
INFO: [Synth 8-6155] done synthesizing module 'ecen5593_startercode_ca_core_me_t' (0#1) [C:/Users/etwes/OneDrive/Documents/Sping_2024/Adv_Cmp_Arch/zynq-risc-v/zynq-risc-v/zynq-risc-v.srcs/sources_1/imports/verilog/ecen5593_startercode_ca_core_me_t.v:20]
INFO: [Synth 8-6157] synthesizing module 'ecen5593_startercode_ca_core_main_t' [C:/Users/etwes/OneDrive/Documents/Sping_2024/Adv_Cmp_Arch/zynq-risc-v/zynq-risc-v/zynq-risc-v.srcs/sources_1/imports/verilog/ecen5593_startercode_ca_core_main_t.v:20]
INFO: [Synth 8-6155] done synthesizing module 'ecen5593_startercode_ca_core_main_t' (0#1) [C:/Users/etwes/OneDrive/Documents/Sping_2024/Adv_Cmp_Arch/zynq-risc-v/zynq-risc-v/zynq-risc-v.srcs/sources_1/imports/verilog/ecen5593_startercode_ca_core_main_t.v:20]
INFO: [Synth 8-6157] synthesizing module 'ecen5593_startercode_ca_core_dec_t' [C:/Users/etwes/OneDrive/Documents/Sping_2024/Adv_Cmp_Arch/zynq-risc-v/zynq-risc-v/zynq-risc-v.srcs/sources_1/imports/verilog/ecen5593_startercode_ca_core_dec_t.v:20]
INFO: [Synth 8-6155] done synthesizing module 'ecen5593_startercode_ca_core_dec_t' (0#1) [C:/Users/etwes/OneDrive/Documents/Sping_2024/Adv_Cmp_Arch/zynq-risc-v/zynq-risc-v/zynq-risc-v.srcs/sources_1/imports/verilog/ecen5593_startercode_ca_core_dec_t.v:20]
INFO: [Synth 8-6157] synthesizing module 'ecen5593_startercode_ca_core_pipe_t' [C:/Users/etwes/OneDrive/Documents/Sping_2024/Adv_Cmp_Arch/zynq-risc-v/zynq-risc-v/zynq-risc-v.srcs/sources_1/imports/verilog/ecen5593_startercode_ca_core_pipe_t.v:20]
INFO: [Synth 8-6155] done synthesizing module 'ecen5593_startercode_ca_core_pipe_t' (0#1) [C:/Users/etwes/OneDrive/Documents/Sping_2024/Adv_Cmp_Arch/zynq-risc-v/zynq-risc-v/zynq-risc-v.srcs/sources_1/imports/verilog/ecen5593_startercode_ca_core_pipe_t.v:20]
INFO: [Synth 8-6157] synthesizing module 'ecen5593_startercode_ca_core_codasip_startup_ctrl_t' [C:/Users/etwes/OneDrive/Documents/Sping_2024/Adv_Cmp_Arch/zynq-risc-v/zynq-risc-v/zynq-risc-v.srcs/sources_1/imports/verilog/ecen5593_startercode_ca_core_codasip_startup_ctrl_t.v:20]
INFO: [Synth 8-6157] synthesizing module 'd_ff_rst_t' [C:/Users/etwes/OneDrive/Documents/Sping_2024/Adv_Cmp_Arch/zynq-risc-v/zynq-risc-v/zynq-risc-v.srcs/sources_1/imports/common/d_ff_rst_t.v:20]
	Parameter BIT_WIDTH bound to: 1 - type: integer 
	Parameter DEFAULT_VALUE bound to: 1'b0 
	Parameter RESET_LEVEL bound to: 1'b0 
	Parameter RESET_SYNC bound to: 1'b0 
INFO: [Synth 8-6155] done synthesizing module 'd_ff_rst_t' (0#1) [C:/Users/etwes/OneDrive/Documents/Sping_2024/Adv_Cmp_Arch/zynq-risc-v/zynq-risc-v/zynq-risc-v.srcs/sources_1/imports/common/d_ff_rst_t.v:20]
INFO: [Synth 8-6155] done synthesizing module 'ecen5593_startercode_ca_core_codasip_startup_ctrl_t' (0#1) [C:/Users/etwes/OneDrive/Documents/Sping_2024/Adv_Cmp_Arch/zynq-risc-v/zynq-risc-v/zynq-risc-v.srcs/sources_1/imports/verilog/ecen5593_startercode_ca_core_codasip_startup_ctrl_t.v:20]
INFO: [Synth 8-6155] done synthesizing module 'ecen5593_startercode_ca_core_t' (0#1) [C:/Users/etwes/OneDrive/Documents/Sping_2024/Adv_Cmp_Arch/zynq-risc-v/zynq-risc-v/zynq-risc-v.srcs/sources_1/imports/verilog/ecen5593_startercode_ca_core_t.v:20]
INFO: [Synth 8-6155] done synthesizing module 'ecen5593_startercode_ca' (0#1) [C:/Users/etwes/OneDrive/Documents/Sping_2024/Adv_Cmp_Arch/zynq-risc-v/zynq-risc-v/zynq-risc-v.srcs/sources_1/imports/verilog/ecen5593_startercode_ca.v:20]
INFO: [Synth 8-6155] done synthesizing module 'ecen5593_startercode_ca_top' (0#1) [C:/Users/etwes/OneDrive/Documents/Sping_2024/Adv_Cmp_Arch/zynq-risc-v/zynq-risc-v/zynq-risc-v.srcs/sources_1/imports/verilog/ecen5593_startercode_ca_top.v:20]
INFO: [Synth 8-6157] synthesizing module 'ahb3lite_sram1rw' [C:/Users/etwes/OneDrive/Documents/Sping_2024/Adv_Cmp_Arch/zynq-risc-v/zynq-risc-v/zynq-risc-v.srcs/sources_1/imports/third-party/ahb3lite_memory/rtl/verilog/ahb3lite_sram1rw.sv:72]
INFO: [Synth 8-6157] synthesizing module 'rl_ram_1r1w' [C:/Users/etwes/OneDrive/Documents/Sping_2024/Adv_Cmp_Arch/zynq-risc-v/zynq-risc-v/zynq-risc-v.srcs/sources_1/imports/third-party/memory/rtl/verilog/rl_ram_1r1w.sv:69]
	Parameter ABITS bound to: 12 - type: integer 
	Parameter DBITS bound to: 32 - type: integer 
	Parameter TECHNOLOGY bound to: GENERIC - type: string 
	Parameter INIT_FILE bound to: (null) - type: string 
INFO: [Synth 8-251] INFO   : No memory technology specified. Using generic inferred memory () [C:/Users/etwes/OneDrive/Documents/Sping_2024/Adv_Cmp_Arch/zynq-risc-v/zynq-risc-v/zynq-risc-v.srcs/sources_1/imports/third-party/memory/rtl/verilog/rl_ram_1r1w.sv:207]
INFO: [Synth 8-6157] synthesizing module 'rl_ram_1r1w_generic' [C:/Users/etwes/OneDrive/Documents/Sping_2024/Adv_Cmp_Arch/zynq-risc-v/zynq-risc-v/zynq-risc-v.srcs/sources_1/imports/third-party/memory/rtl/verilog/rl_ram_1r1w_generic.sv:67]
	Parameter WRITE_ABITS bound to: 12 - type: integer 
	Parameter WRITE_DBITS bound to: 32 - type: integer 
	Parameter READ_ABITS bound to: 12 - type: integer 
	Parameter READ_DBITS bound to: 32 - type: integer 
	Parameter INIT_FILE bound to: (null) - type: string 
INFO: [Synth 8-6155] done synthesizing module 'rl_ram_1r1w_generic' (0#1) [C:/Users/etwes/OneDrive/Documents/Sping_2024/Adv_Cmp_Arch/zynq-risc-v/zynq-risc-v/zynq-risc-v.srcs/sources_1/imports/third-party/memory/rtl/verilog/rl_ram_1r1w_generic.sv:67]
INFO: [Synth 8-6155] done synthesizing module 'rl_ram_1r1w' (0#1) [C:/Users/etwes/OneDrive/Documents/Sping_2024/Adv_Cmp_Arch/zynq-risc-v/zynq-risc-v/zynq-risc-v.srcs/sources_1/imports/third-party/memory/rtl/verilog/rl_ram_1r1w.sv:69]
INFO: [Synth 8-6155] done synthesizing module 'ahb3lite_sram1rw' (0#1) [C:/Users/etwes/OneDrive/Documents/Sping_2024/Adv_Cmp_Arch/zynq-risc-v/zynq-risc-v/zynq-risc-v.srcs/sources_1/imports/third-party/ahb3lite_memory/rtl/verilog/ahb3lite_sram1rw.sv:72]
INFO: [Synth 8-226] default block is never used [C:/Users/etwes/OneDrive/Documents/Sping_2024/Adv_Cmp_Arch/zynq-risc-v/zynq-risc-v/zynq-risc-v.srcs/sources_1/new/Zybo_Z7_top.v:182]
INFO: [Synth 8-6155] done synthesizing module 'Zybo_Z7_top' (0#1) [C:/Users/etwes/OneDrive/Documents/Sping_2024/Adv_Cmp_Arch/zynq-risc-v/zynq-risc-v/zynq-risc-v.srcs/sources_1/new/Zybo_Z7_top.v:23]
WARNING: [Synth 8-11357] Potential Runtime issue for 3D-RAM or RAM from Record/Structs for RAM  mem_array_reg with 524288 registers
WARNING: [Synth 8-7129] Port rst_ni in module rl_ram_1r1w_generic is either unconnected or has no load
WARNING: [Synth 8-7129] Port HADDR[31] in module ahb3lite_sram1rw is either unconnected or has no load
WARNING: [Synth 8-7129] Port HADDR[30] in module ahb3lite_sram1rw is either unconnected or has no load
WARNING: [Synth 8-7129] Port HADDR[29] in module ahb3lite_sram1rw is either unconnected or has no load
WARNING: [Synth 8-7129] Port HADDR[28] in module ahb3lite_sram1rw is either unconnected or has no load
WARNING: [Synth 8-7129] Port HADDR[27] in module ahb3lite_sram1rw is either unconnected or has no load
WARNING: [Synth 8-7129] Port HADDR[26] in module ahb3lite_sram1rw is either unconnected or has no load
WARNING: [Synth 8-7129] Port HADDR[25] in module ahb3lite_sram1rw is either unconnected or has no load
WARNING: [Synth 8-7129] Port HADDR[24] in module ahb3lite_sram1rw is either unconnected or has no load
WARNING: [Synth 8-7129] Port HADDR[23] in module ahb3lite_sram1rw is either unconnected or has no load
WARNING: [Synth 8-7129] Port HADDR[22] in module ahb3lite_sram1rw is either unconnected or has no load
WARNING: [Synth 8-7129] Port HADDR[21] in module ahb3lite_sram1rw is either unconnected or has no load
WARNING: [Synth 8-7129] Port HADDR[20] in module ahb3lite_sram1rw is either unconnected or has no load
WARNING: [Synth 8-7129] Port HADDR[19] in module ahb3lite_sram1rw is either unconnected or has no load
WARNING: [Synth 8-7129] Port HADDR[18] in module ahb3lite_sram1rw is either unconnected or has no load
WARNING: [Synth 8-7129] Port HADDR[17] in module ahb3lite_sram1rw is either unconnected or has no load
WARNING: [Synth 8-7129] Port HADDR[16] in module ahb3lite_sram1rw is either unconnected or has no load
WARNING: [Synth 8-7129] Port HADDR[15] in module ahb3lite_sram1rw is either unconnected or has no load
WARNING: [Synth 8-7129] Port HADDR[14] in module ahb3lite_sram1rw is either unconnected or has no load
WARNING: [Synth 8-7129] Port HPROT[3] in module ahb3lite_sram1rw is either unconnected or has no load
WARNING: [Synth 8-7129] Port HPROT[2] in module ahb3lite_sram1rw is either unconnected or has no load
WARNING: [Synth 8-7129] Port HPROT[1] in module ahb3lite_sram1rw is either unconnected or has no load
WARNING: [Synth 8-7129] Port HPROT[0] in module ahb3lite_sram1rw is either unconnected or has no load
WARNING: [Synth 8-7129] Port if_code_HREADY in module ecen5593_startercode_ca_core_id_t is either unconnected or has no load
WARNING: [Synth 8-7129] Port if_code_HRESP in module ecen5593_startercode_ca_core_id_t is either unconnected or has no load
WARNING: [Synth 8-7129] Port ja[7] in module Zybo_Z7_top is either unconnected or has no load
WARNING: [Synth 8-7129] Port ja[6] in module Zybo_Z7_top is either unconnected or has no load
WARNING: [Synth 8-7129] Port ja[5] in module Zybo_Z7_top is either unconnected or has no load
WARNING: [Synth 8-7129] Port ja[4] in module Zybo_Z7_top is either unconnected or has no load
WARNING: [Synth 8-7129] Port ja[3] in module Zybo_Z7_top is either unconnected or has no load
WARNING: [Synth 8-7129] Port ja[2] in module Zybo_Z7_top is either unconnected or has no load
WARNING: [Synth 8-7129] Port ja[1] in module Zybo_Z7_top is either unconnected or has no load
WARNING: [Synth 8-7129] Port ja[0] in module Zybo_Z7_top is either unconnected or has no load
WARNING: [Synth 8-7129] Port jc[7] in module Zybo_Z7_top is either unconnected or has no load
WARNING: [Synth 8-7129] Port jc[6] in module Zybo_Z7_top is either unconnected or has no load
WARNING: [Synth 8-7129] Port jc[5] in module Zybo_Z7_top is either unconnected or has no load
WARNING: [Synth 8-7129] Port jc[4] in module Zybo_Z7_top is either unconnected or has no load
WARNING: [Synth 8-7129] Port jc[3] in module Zybo_Z7_top is either unconnected or has no load
WARNING: [Synth 8-7129] Port jc[2] in module Zybo_Z7_top is either unconnected or has no load
WARNING: [Synth 8-7129] Port jc[1] in module Zybo_Z7_top is either unconnected or has no load
WARNING: [Synth 8-7129] Port jc[0] in module Zybo_Z7_top is either unconnected or has no load
WARNING: [Synth 8-7129] Port jd[7] in module Zybo_Z7_top is either unconnected or has no load
WARNING: [Synth 8-7129] Port jd[6] in module Zybo_Z7_top is either unconnected or has no load
WARNING: [Synth 8-7129] Port jd[5] in module Zybo_Z7_top is either unconnected or has no load
WARNING: [Synth 8-7129] Port jd[4] in module Zybo_Z7_top is either unconnected or has no load
WARNING: [Synth 8-7129] Port jd[3] in module Zybo_Z7_top is either unconnected or has no load
WARNING: [Synth 8-7129] Port jd[2] in module Zybo_Z7_top is either unconnected or has no load
WARNING: [Synth 8-7129] Port jd[1] in module Zybo_Z7_top is either unconnected or has no load
WARNING: [Synth 8-7129] Port jd[0] in module Zybo_Z7_top is either unconnected or has no load
WARNING: [Synth 8-7129] Port je[7] in module Zybo_Z7_top is either unconnected or has no load
WARNING: [Synth 8-7129] Port je[6] in module Zybo_Z7_top is either unconnected or has no load
WARNING: [Synth 8-7129] Port je[5] in module Zybo_Z7_top is either unconnected or has no load
WARNING: [Synth 8-7129] Port je[4] in module Zybo_Z7_top is either unconnected or has no load
WARNING: [Synth 8-7129] Port je[3] in module Zybo_Z7_top is either unconnected or has no load
WARNING: [Synth 8-7129] Port je[2] in module Zybo_Z7_top is either unconnected or has no load
WARNING: [Synth 8-7129] Port je[1] in module Zybo_Z7_top is either unconnected or has no load
WARNING: [Synth 8-7129] Port je[0] in module Zybo_Z7_top is either unconnected or has no load
WARNING: [Synth 8-7129] Port btn[2] in module Zybo_Z7_top is either unconnected or has no load
WARNING: [Synth 8-7129] Port btn[1] in module Zybo_Z7_top is either unconnected or has no load
WARNING: [Synth 8-7129] Port btn[0] in module Zybo_Z7_top is either unconnected or has no load
WARNING: [Synth 8-7129] Port sw[3] in module Zybo_Z7_top is either unconnected or has no load
WARNING: [Synth 8-7129] Port sw[2] in module Zybo_Z7_top is either unconnected or has no load
WARNING: [Synth 8-7129] Port sw[1] in module Zybo_Z7_top is either unconnected or has no load
WARNING: [Synth 8-7129] Port sw[0] in module Zybo_Z7_top is either unconnected or has no load
---------------------------------------------------------------------------------
Finished RTL Elaboration : Time (s): cpu = 00:00:42 ; elapsed = 00:00:49 . Memory (MB): peak = 3836.570 ; gain = 2919.570
---------------------------------------------------------------------------------
---------------------------------------------------------------------------------
Start Handling Custom Attributes
---------------------------------------------------------------------------------
---------------------------------------------------------------------------------
Finished Handling Custom Attributes : Time (s): cpu = 00:00:44 ; elapsed = 00:00:52 . Memory (MB): peak = 3845.895 ; gain = 2928.895
---------------------------------------------------------------------------------
---------------------------------------------------------------------------------
Finished RTL Optimization Phase 1 : Time (s): cpu = 00:00:44 ; elapsed = 00:00:52 . Memory (MB): peak = 3845.895 ; gain = 2928.895
---------------------------------------------------------------------------------
Netlist sorting complete. Time (s): cpu = 00:00:05 ; elapsed = 00:00:06 . Memory (MB): peak = 3971.262 ; gain = 0.000
INFO: [Project 1-570] Preparing netlist for logic optimization

Processing XDC Constraints
Initializing timing engine
Parsing XDC File [C:/Users/etwes/OneDrive/Documents/Sping_2024/Adv_Cmp_Arch/zynq-risc-v/zynq-risc-v/zynq-risc-v.srcs/constrs_1/imports/Downloads/Zybo-Z7-Master.xdc]
Finished Parsing XDC File [C:/Users/etwes/OneDrive/Documents/Sping_2024/Adv_Cmp_Arch/zynq-risc-v/zynq-risc-v/zynq-risc-v.srcs/constrs_1/imports/Downloads/Zybo-Z7-Master.xdc]
INFO: [Project 1-236] Implementation specific constraints were found while reading constraint file [C:/Users/etwes/OneDrive/Documents/Sping_2024/Adv_Cmp_Arch/zynq-risc-v/zynq-risc-v/zynq-risc-v.srcs/constrs_1/imports/Downloads/Zybo-Z7-Master.xdc]. These constraints will be ignored for synthesis but will be used in implementation. Impacted constraints are listed in the file [.Xil/Zybo_Z7_top_propImpl.xdc].
Resolution: To avoid this warning, move constraints listed in [.Xil/Zybo_Z7_top_propImpl.xdc] to another XDC file and exclude this new file from synthesis with the used_in_synthesis property (File Properties dialog in GUI) and re-run elaboration/synthesis.
Completed Processing XDC Constraints

Netlist sorting complete. Time (s): cpu = 00:00:01 ; elapsed = 00:00:00.085 . Memory (MB): peak = 4542.312 ; gain = 0.000
INFO: [Project 1-111] Unisim Transformation Summary:
No Unisim elements were transformed.

The system cannot find the path specified.
Constraint Validation Runtime : Time (s): cpu = 00:00:01 ; elapsed = 00:00:01 . Memory (MB): peak = 4542.312 ; gain = 0.000
INFO: [Designutils 20-5440] No compile time benefit to using incremental synthesis; A full resynthesis will be run
INFO: [Designutils 20-4379] Flow is switching to default flow due to incremental criteria not met. If you would like to alter this behaviour and have the flow terminate instead, please set the following parameter config_implementation {autoIncr.Synth.RejectBehavior Terminate}
---------------------------------------------------------------------------------
Finished Constraint Validation : Time (s): cpu = 00:01:35 ; elapsed = 00:01:45 . Memory (MB): peak = 4548.277 ; gain = 3631.277
---------------------------------------------------------------------------------
---------------------------------------------------------------------------------
Start Loading Part and Timing Information
---------------------------------------------------------------------------------
Loading part: xc7z010clg400-1
---------------------------------------------------------------------------------
Finished RTL Optimization Phase 2 : Time (s): cpu = 00:02:18 ; elapsed = 00:02:44 . Memory (MB): peak = 4548.277 ; gain = 3631.277
---------------------------------------------------------------------------------
---------------------------------------------------------------------------------
Start RTL Component Statistics 
---------------------------------------------------------------------------------
Detailed RTL Component Info : 
+---Adders : 
	   2 Input   32 Bit       Adders := 5     
	   3 Input   32 Bit       Adders := 1     
	   2 Input   14 Bit       Adders := 2     
	   2 Input    5 Bit       Adders := 2     
+---XORs : 
	   2 Input     32 Bit         XORs := 1     
+---Registers : 
	               32 Bit    Registers := 55    
	               12 Bit    Registers := 2     
	                8 Bit    Registers := 32768 
	                5 Bit    Registers := 6     
	                4 Bit    Registers := 6     
	                3 Bit    Registers := 2     
	                2 Bit    Registers := 5     
	                1 Bit    Registers := 22    
+---Muxes : 
	   8 Input  128 Bit        Muxes := 2     
	   2 Input   32 Bit        Muxes := 62    
	   8 Input   32 Bit        Muxes := 6     
	   4 Input   32 Bit        Muxes := 5     
	   6 Input   32 Bit        Muxes := 1     
	  29 Input   32 Bit        Muxes := 1     
	   3 Input   24 Bit        Muxes := 1     
	   2 Input   17 Bit        Muxes := 2     
	   8 Input   14 Bit        Muxes := 2     
	   2 Input   12 Bit        Muxes := 2     
	   2 Input    8 Bit        Muxes := 16    
	   2 Input    5 Bit        Muxes := 8     
	   2 Input    4 Bit        Muxes := 3     
	   5 Input    4 Bit        Muxes := 1     
	  12 Input    4 Bit        Muxes := 1     
	   7 Input    4 Bit        Muxes := 1     
	   2 Input    3 Bit        Muxes := 2     
	   6 Input    3 Bit        Muxes := 1     
	   5 Input    3 Bit        Muxes := 1     
	   8 Input    3 Bit        Muxes := 2     
	   2 Input    2 Bit        Muxes := 4     
	  11 Input    2 Bit        Muxes := 2     
	   4 Input    2 Bit        Muxes := 3     
	   5 Input    2 Bit        Muxes := 1     
	   2 Input    1 Bit        Muxes := 8242  
	  10 Input    1 Bit        Muxes := 1     
	   4 Input    1 Bit        Muxes := 2     
---------------------------------------------------------------------------------
Finished RTL Component Statistics 
---------------------------------------------------------------------------------
---------------------------------------------------------------------------------
Start Part Resource Summary
---------------------------------------------------------------------------------
Part Resources:
DSPs: 80 (col length:40)
BRAMs: 120 (col length: RAMB18 40 RAMB36 20)
---------------------------------------------------------------------------------
Finished Part Resource Summary
---------------------------------------------------------------------------------
---------------------------------------------------------------------------------
Start Cross Boundary and Area Optimization
---------------------------------------------------------------------------------
WARNING: [Synth 8-7129] Port ja[7] in module Zybo_Z7_top is either unconnected or has no load
WARNING: [Synth 8-7129] Port ja[6] in module Zybo_Z7_top is either unconnected or has no load
WARNING: [Synth 8-7129] Port ja[5] in module Zybo_Z7_top is either unconnected or has no load
WARNING: [Synth 8-7129] Port ja[4] in module Zybo_Z7_top is either unconnected or has no load
WARNING: [Synth 8-7129] Port ja[3] in module Zybo_Z7_top is either unconnected or has no load
WARNING: [Synth 8-7129] Port ja[2] in module Zybo_Z7_top is either unconnected or has no load
WARNING: [Synth 8-7129] Port ja[1] in module Zybo_Z7_top is either unconnected or has no load
WARNING: [Synth 8-7129] Port ja[0] in module Zybo_Z7_top is either unconnected or has no load
WARNING: [Synth 8-7129] Port jc[7] in module Zybo_Z7_top is either unconnected or has no load
WARNING: [Synth 8-7129] Port jc[6] in module Zybo_Z7_top is either unconnected or has no load
WARNING: [Synth 8-7129] Port jc[5] in module Zybo_Z7_top is either unconnected or has no load
WARNING: [Synth 8-7129] Port jc[4] in module Zybo_Z7_top is either unconnected or has no load
WARNING: [Synth 8-7129] Port jc[3] in module Zybo_Z7_top is either unconnected or has no load
WARNING: [Synth 8-7129] Port jc[2] in module Zybo_Z7_top is either unconnected or has no load
WARNING: [Synth 8-7129] Port jc[1] in module Zybo_Z7_top is either unconnected or has no load
WARNING: [Synth 8-7129] Port jc[0] in module Zybo_Z7_top is either unconnected or has no load
WARNING: [Synth 8-7129] Port jd[7] in module Zybo_Z7_top is either unconnected or has no load
WARNING: [Synth 8-7129] Port jd[6] in module Zybo_Z7_top is either unconnected or has no load
WARNING: [Synth 8-7129] Port jd[5] in module Zybo_Z7_top is either unconnected or has no load
WARNING: [Synth 8-7129] Port jd[4] in module Zybo_Z7_top is either unconnected or has no load
WARNING: [Synth 8-7129] Port jd[3] in module Zybo_Z7_top is either unconnected or has no load
WARNING: [Synth 8-7129] Port jd[2] in module Zybo_Z7_top is either unconnected or has no load
WARNING: [Synth 8-7129] Port jd[1] in module Zybo_Z7_top is either unconnected or has no load
WARNING: [Synth 8-7129] Port jd[0] in module Zybo_Z7_top is either unconnected or has no load
WARNING: [Synth 8-7129] Port je[7] in module Zybo_Z7_top is either unconnected or has no load
WARNING: [Synth 8-7129] Port je[6] in module Zybo_Z7_top is either unconnected or has no load
WARNING: [Synth 8-7129] Port je[5] in module Zybo_Z7_top is either unconnected or has no load
WARNING: [Synth 8-7129] Port je[4] in module Zybo_Z7_top is either unconnected or has no load
WARNING: [Synth 8-7129] Port je[3] in module Zybo_Z7_top is either unconnected or has no load
WARNING: [Synth 8-7129] Port je[2] in module Zybo_Z7_top is either unconnected or has no load
WARNING: [Synth 8-7129] Port je[1] in module Zybo_Z7_top is either unconnected or has no load
WARNING: [Synth 8-7129] Port je[0] in module Zybo_Z7_top is either unconnected or has no load
WARNING: [Synth 8-7129] Port btn[2] in module Zybo_Z7_top is either unconnected or has no load
WARNING: [Synth 8-7129] Port btn[1] in module Zybo_Z7_top is either unconnected or has no load
WARNING: [Synth 8-7129] Port btn[0] in module Zybo_Z7_top is either unconnected or has no load
WARNING: [Synth 8-7129] Port sw[3] in module Zybo_Z7_top is either unconnected or has no load
INFO: [Common 17-14] Message 'Synth 8-7129' appears 100 times and further instances of the messages will be disabled. Use the Tcl command set_msg_config to change the current settings.
INFO: [Synth 8-3333] propagating constant 0 across sequential element (\inst_trans_reg[0] )
INFO: [Synth 8-3886] merging instance 'current_instr_reg[0]' (FDRE) to 'current_instr_reg[1]'
INFO: [Synth 8-3886] merging instance 'current_instr_reg[3]' (FDRE) to 'current_instr_reg[19]'
INFO: [Synth 8-3886] merging instance 'current_instr_reg[6]' (FDRE) to 'current_instr_reg[19]'
INFO: [Synth 8-3886] merging instance 'current_instr_reg[11]' (FDRE) to 'current_instr_reg[19]'
INFO: [Synth 8-3886] merging instance 'current_instr_reg[17]' (FDRE) to 'current_instr_reg[19]'
INFO: [Synth 8-3333] propagating constant 0 across sequential element (\current_instr_reg[19] )
INFO: [Synth 8-3333] propagating constant 1 across sequential element (state_reg)
INFO: [Synth 8-3333] propagating constant 0 across sequential element (instr_index0_inferred/\instr_index_reg[1] )
INFO: [Synth 8-3333] propagating constant 0 across sequential element (instr_index0_inferred/\instr_index_reg[0] )
INFO: [Synth 8-3333] propagating constant 0 across sequential element (\instr_index_reg_rep[4] )
INFO: [Synth 8-3333] propagating constant 0 across sequential element (\instr_index_reg_rep[2] )
INFO: [Synth 8-3333] propagating constant 0 across sequential element (\instr_index_reg_rep[3] )
INFO: [Synth 8-3333] propagating constant 0 across sequential element (\instr_index_reg_rep[1] )
INFO: [Synth 8-3333] propagating constant 0 across sequential element (\instr_index_reg_rep[0] )
INFO: [Synth 8-3333] propagating constant 0 across sequential element (instr_index0_inferred/\instr_index_reg[2] )
INFO: [Synth 8-3333] propagating constant 0 across sequential element (instr_index0_inferred/\instr_index_reg[3] )
INFO: [Synth 8-3333] propagating constant 0 across sequential element (instr_index0_inferred/\instr_index_reg[4] )
INFO: [Synth 8-3333] propagating constant 0 across sequential element (\current_instr_reg[1] )
INFO: [Synth 8-3333] propagating constant 0 across sequential element (\current_instr_reg[2] )
INFO: [Synth 8-3333] propagating constant 0 across sequential element (\current_instr_reg[4] )
INFO: [Synth 8-3333] propagating constant 0 across sequential element (\current_instr_reg[5] )
INFO: [Synth 8-3333] propagating constant 0 across sequential element (\current_instr_reg[7] )
INFO: [Synth 8-3333] propagating constant 0 across sequential element (\current_instr_reg[8] )
INFO: [Synth 8-3333] propagating constant 0 across sequential element (\current_instr_reg[9] )
INFO: [Synth 8-3333] propagating constant 0 across sequential element (\current_instr_reg[10] )
INFO: [Synth 8-3333] propagating constant 0 across sequential element (\current_instr_reg[12] )
INFO: [Synth 8-3333] propagating constant 0 across sequential element (\current_instr_reg[13] )
INFO: [Synth 8-3333] propagating constant 0 across sequential element (\current_instr_reg[14] )
INFO: [Synth 8-3333] propagating constant 0 across sequential element (\current_instr_reg[15] )
INFO: [Synth 8-3333] propagating constant 0 across sequential element (\current_instr_reg[16] )
INFO: [Synth 8-3333] propagating constant 0 across sequential element (\current_instr_reg[18] )
INFO: [Synth 8-3333] propagating constant 0 across sequential element (\current_instr_reg[20] )
INFO: [Synth 8-3333] propagating constant 0 across sequential element (\current_instr_reg[21] )
INFO: [Synth 8-3333] propagating constant 0 across sequential element (\current_instr_reg[22] )
INFO: [Synth 8-3333] propagating constant 0 across sequential element (\current_instr_reg[23] )
INFO: [Synth 8-3333] propagating constant 0 across sequential element (\current_instr_reg[24] )
INFO: [Synth 8-3333] propagating constant 0 across sequential element (\current_instr_reg[25] )
INFO: [Synth 8-3333] propagating constant 0 across sequential element (\current_instr_reg[26] )
INFO: [Synth 8-3886] merging instance 'current_instr_reg[27]' (FDRE) to 'current_instr_reg[31]'
INFO: [Synth 8-3333] propagating constant 0 across sequential element (\current_instr_reg[28] )
INFO: [Synth 8-3333] propagating constant 0 across sequential element (\current_instr_reg[29] )
INFO: [Synth 8-3333] propagating constant 0 across sequential element (\current_instr_reg[30] )
INFO: [Synth 8-3333] propagating constant 0 across sequential element (\current_instr_reg[31] )
INFO: [Synth 8-3886] merging instance 'pc_reg[0]' (FDE) to 'pc_reg[1]'
INFO: [Synth 8-3333] propagating constant 0 across sequential element (\pc_reg[1] )
---------------------------------------------------------------------------------
Finished Cross Boundary and Area Optimization : Time (s): cpu = 00:03:30 ; elapsed = 00:04:17 . Memory (MB): peak = 4548.277 ; gain = 3631.277
---------------------------------------------------------------------------------
---------------------------------------------------------------------------------
Start Applying XDC Timing Constraints
---------------------------------------------------------------------------------
---------------------------------------------------------------------------------
Finished Applying XDC Timing Constraints : Time (s): cpu = 00:03:39 ; elapsed = 00:04:28 . Memory (MB): peak = 4548.277 ; gain = 3631.277
---------------------------------------------------------------------------------
---------------------------------------------------------------------------------
Start Timing Optimization
---------------------------------------------------------------------------------
---------------------------------------------------------------------------------
Finished Timing Optimization : Time (s): cpu = 00:03:50 ; elapsed = 00:04:40 . Memory (MB): peak = 4548.277 ; gain = 3631.277
---------------------------------------------------------------------------------
---------------------------------------------------------------------------------
Start Technology Mapping
---------------------------------------------------------------------------------
WARNING: [Synth 8-7080] Parallel synthesis criteria is not met
---------------------------------------------------------------------------------
Finished Technology Mapping : Time (s): cpu = 00:03:50 ; elapsed = 00:04:40 . Memory (MB): peak = 4548.277 ; gain = 3631.277
---------------------------------------------------------------------------------
---------------------------------------------------------------------------------
Start IO Insertion
---------------------------------------------------------------------------------
---------------------------------------------------------------------------------
Start Flattening Before IO Insertion
---------------------------------------------------------------------------------
---------------------------------------------------------------------------------
Finished Flattening Before IO Insertion
---------------------------------------------------------------------------------
---------------------------------------------------------------------------------
Start Final Netlist Cleanup
---------------------------------------------------------------------------------
---------------------------------------------------------------------------------
Finished Final Netlist Cleanup
---------------------------------------------------------------------------------
---------------------------------------------------------------------------------
Finished IO Insertion : Time (s): cpu = 00:03:53 ; elapsed = 00:04:44 . Memory (MB): peak = 4548.277 ; gain = 3631.277
---------------------------------------------------------------------------------
---------------------------------------------------------------------------------
Start Renaming Generated Instances
---------------------------------------------------------------------------------
---------------------------------------------------------------------------------
Finished Renaming Generated Instances : Time (s): cpu = 00:03:53 ; elapsed = 00:04:44 . Memory (MB): peak = 4548.277 ; gain = 3631.277
---------------------------------------------------------------------------------
---------------------------------------------------------------------------------
Start Rebuilding User Hierarchy
---------------------------------------------------------------------------------
---------------------------------------------------------------------------------
Finished Rebuilding User Hierarchy : Time (s): cpu = 00:03:53 ; elapsed = 00:04:44 . Memory (MB): peak = 4548.277 ; gain = 3631.277
---------------------------------------------------------------------------------
---------------------------------------------------------------------------------
Start Renaming Generated Ports
---------------------------------------------------------------------------------
---------------------------------------------------------------------------------
Finished Renaming Generated Ports : Time (s): cpu = 00:03:53 ; elapsed = 00:04:44 . Memory (MB): peak = 4548.277 ; gain = 3631.277
---------------------------------------------------------------------------------
---------------------------------------------------------------------------------
Start Handling Custom Attributes
---------------------------------------------------------------------------------
---------------------------------------------------------------------------------
Finished Handling Custom Attributes : Time (s): cpu = 00:03:53 ; elapsed = 00:04:44 . Memory (MB): peak = 4548.277 ; gain = 3631.277
---------------------------------------------------------------------------------
---------------------------------------------------------------------------------
Start Renaming Generated Nets
---------------------------------------------------------------------------------
---------------------------------------------------------------------------------
Finished Renaming Generated Nets : Time (s): cpu = 00:03:53 ; elapsed = 00:04:44 . Memory (MB): peak = 4548.277 ; gain = 3631.277
---------------------------------------------------------------------------------
---------------------------------------------------------------------------------
Start Writing Synthesis Report
---------------------------------------------------------------------------------

Report BlackBoxes: 
+-+--------------+----------+
| |BlackBox name |Instances |
+-+--------------+----------+
+-+--------------+----------+

Report Cell Usage: 
+------+-------+------+
|      |Cell   |Count |
+------+-------+------+
|1     |BUFG   |     1|
|2     |CARRY4 |     2|
|3     |LUT1   |     1|
|4     |LUT2   |    18|
|5     |FDCE   |    10|
|6     |FDRE   |     4|
|7     |IBUF   |     2|
|8     |OBUF   |     4|
+------+-------+------+
---------------------------------------------------------------------------------
Finished Writing Synthesis Report : Time (s): cpu = 00:03:53 ; elapsed = 00:04:44 . Memory (MB): peak = 4548.277 ; gain = 3631.277
---------------------------------------------------------------------------------
Synthesis finished with 0 errors, 0 critical warnings and 42 warnings.
Synthesis Optimization Runtime : Time (s): cpu = 00:02:26 ; elapsed = 00:04:01 . Memory (MB): peak = 4548.277 ; gain = 2928.895
Synthesis Optimization Complete : Time (s): cpu = 00:03:53 ; elapsed = 00:04:45 . Memory (MB): peak = 4548.277 ; gain = 3631.277
INFO: [Project 1-571] Translating synthesized netlist
Netlist sorting complete. Time (s): cpu = 00:00:00 ; elapsed = 00:00:00 . Memory (MB): peak = 4548.277 ; gain = 0.000
INFO: [Netlist 29-17] Analyzing 2 Unisim elements for replacement
INFO: [Netlist 29-28] Unisim Transformation completed in 0 CPU seconds
INFO: [Project 1-570] Preparing netlist for logic optimization
INFO: [Opt 31-138] Pushed 0 inverter(s) to 0 load pin(s).
Netlist sorting complete. Time (s): cpu = 00:00:00 ; elapsed = 00:00:00 . Memory (MB): peak = 4548.277 ; gain = 0.000
INFO: [Project 1-111] Unisim Transformation Summary:
No Unisim elements were transformed.

The system cannot find the path specified.
Synth Design complete | Checksum: 6efb3db6
INFO: [Common 17-83] Releasing license: Synthesis
147 Infos, 102 Warnings, 0 Critical Warnings and 0 Errors encountered.
synth_design completed successfully
synth_design: Time (s): cpu = 00:03:55 ; elapsed = 00:04:49 . Memory (MB): peak = 4548.277 ; gain = 4023.660
Write ShapeDB Complete: Time (s): cpu = 00:00:00 ; elapsed = 00:00:00.003 . Memory (MB): peak = 4548.277 ; gain = 0.000
INFO: [Common 17-1381] The checkpoint 'C:/Users/etwes/OneDrive/Documents/Sping_2024/Adv_Cmp_Arch/zynq-risc-v/zynq-risc-v/zynq-risc-v.runs/synth_1/Zybo_Z7_top.dcp' has been generated.
INFO: [runtcl-4] Executing : report_utilization -file Zybo_Z7_top_utilization_synth.rpt -pb Zybo_Z7_top_utilization_synth.pb
INFO: [Common 17-206] Exiting Vivado at Wed Apr 10 14:45:57 2024...
