Vivado Simulator v2023.2
Copyright 1986-2022 Xilinx, Inc. All Rights Reserved.
Copyright 2022-2023 Advanced Micro Devices, Inc. All Rights Reserved.
Running: C:/Xilinx/Vivado/2023.2/bin/unwrapped/win64.o/xelab.exe --incr --debug typical --relax --mt 2 -L xil_defaultlib -L uvm -L unisims_ver -L unimacro_ver -L secureip --snapshot zybo_z7_tb_behav xil_defaultlib.zybo_z7_tb xil_defaultlib.glbl -log elaborate.log 
Using 2 slave threads.
Starting static elaboration
Pass Through NonSizing Optimizer
WARNING: [VRFC 10-5021] port 'btn' is not connected on this instance [C:/Users/etwes/OneDrive/Documents/Sping_2024/Adv_Cmp_Arch/zynq-risc-v/zynq-risc-v/zynq-risc-v.srcs/sim_1/imports/test/inst_mem_tb.v:32]
Completed static elaboration
Starting simulation data flow analysis
WARNING: [XSIM 43-4100] "C:/Users/etwes/OneDrive/Documents/Sping_2024/Adv_Cmp_Arch/zynq-risc-v/zynq-risc-v/zynq-risc-v.srcs/sim_1/imports/test/inst_mem_tb.v" Line 5. Module zybo_z7_tb has a timescale but at least one module in design doesn't have timescale.
WARNING: [XSIM 43-4100] "C:/Users/etwes/OneDrive/Documents/Sping_2024/Adv_Cmp_Arch/zynq-risc-v/zynq-risc-v/zynq-risc-v.srcs/sim_1/imports/test/../../../sources_1/new/Zybo_Z7_top.v" Line 23. Module Zybo_Z7_top has a timescale but at least one module in design doesn't have timescale.
WARNING: [XSIM 43-4100] "C:/Users/etwes/OneDrive/Documents/Sping_2024/Adv_Cmp_Arch/zynq-risc-v/zynq-risc-v/zynq-risc-v.srcs/sim_1/imports/test/inst_mem_tb.v" Line 5. Module zybo_z7_tb has a timescale but at least one module in design doesn't have timescale.
WARNING: [XSIM 43-4100] "C:/Users/etwes/OneDrive/Documents/Sping_2024/Adv_Cmp_Arch/zynq-risc-v/zynq-risc-v/zynq-risc-v.srcs/sim_1/imports/test/../../../sources_1/new/Zybo_Z7_top.v" Line 23. Module Zybo_Z7_top has a timescale but at least one module in design doesn't have timescale.
WARNING: [XSIM 43-4100] "C:/Users/etwes/OneDrive/Documents/Sping_2024/Adv_Cmp_Arch/zynq-risc-v/zynq-risc-v/zynq-risc-v.sim/sim_1/behav/xsim/glbl.v" Line 6. Module glbl has a timescale but at least one module in design doesn't have timescale.
WARNING: [XSIM 43-4100] "C:/Users/etwes/OneDrive/Documents/Sping_2024/Adv_Cmp_Arch/zynq-risc-v/zynq-risc-v/zynq-risc-v.sim/sim_1/behav/xsim/glbl.v" Line 6. Module glbl has a timescale but at least one module in design doesn't have timescale.
Completed simulation data flow analysis
Time Resolution for simulation is 1ps
Compiling package xil_defaultlib.ahb3lite_pkg
Compiling module xil_defaultlib.ecen5593_startercode_ca_if_code_...
Compiling module xil_defaultlib.ecen5593_startercode_ca_ldst_t
Compiling module xil_defaultlib.d_ff_rst_we_stall_clr_t(BIT_WIDT...
Compiling module xil_defaultlib.d_ff_rst_we_t(BIT_WIDTH=32,DEFAU...
Compiling module xil_defaultlib.d_ff_rst_we_stall_clr_t(BIT_WIDT...
Compiling module xil_defaultlib.d_ff_rst_we_stall_clr_t(BIT_WIDT...
Compiling module xil_defaultlib.d_ff_rst_we_stall_clr_t(BIT_WIDT...
Compiling module xil_defaultlib.d_ff_rst_we_stall_clr_t(BIT_WIDT...
Compiling module xil_defaultlib.d_ff_rst_we_stall_clr_t(BIT_WIDT...
Compiling module xil_defaultlib.d_ff_rst_we_t(BIT_WIDTH=1,DEFAUL...
Compiling module xil_defaultlib.d_ff_rst_we_t(BIT_WIDTH=1,DEFAUL...
Compiling module xil_defaultlib.d_ff_rst_we_t(BIT_WIDTH=32,DEFAU...
Compiling module xil_defaultlib.ecen5593_startercode_ca_core_rf_...
Compiling module xil_defaultlib.ecen5593_startercode_ca_core_pip...
Compiling module xil_defaultlib.ecen5593_startercode_ca_core_wb_...
Compiling module xil_defaultlib.ecen5593_startercode_ca_core_res...
Compiling module xil_defaultlib.ecen5593_startercode_ca_core_ex_...
Compiling module xil_defaultlib.ecen5593_startercode_ca_core_ex_...
Compiling module xil_defaultlib.ecen5593_startercode_ca_core_id_...
Compiling module xil_defaultlib.ecen5593_startercode_ca_core_if_...
Compiling module xil_defaultlib.ecen5593_startercode_ca_core_me_...
Compiling module xil_defaultlib.ecen5593_startercode_ca_core_me_...
Compiling module xil_defaultlib.ecen5593_startercode_ca_core_ex_...
Compiling module xil_defaultlib.ecen5593_startercode_ca_core_fe_...
Compiling module xil_defaultlib.ecen5593_startercode_ca_core_id_...
Compiling module xil_defaultlib.ecen5593_startercode_ca_core_me_...
Compiling module xil_defaultlib.ecen5593_startercode_ca_core_mai...
Compiling module xil_defaultlib.ecen5593_startercode_ca_core_dec...
Compiling module xil_defaultlib.ecen5593_startercode_ca_core_pip...
Compiling module xil_defaultlib.d_ff_rst_t(BIT_WIDTH=1,DEFAULT_V...
Compiling module xil_defaultlib.ecen5593_startercode_ca_core_cod...
Compiling module xil_defaultlib.ecen5593_startercode_ca_core_t
Compiling module xil_defaultlib.ecen5593_startercode_ca
Compiling module xil_defaultlib.ecen5593_startercode_ca_top
Compiling module xil_defaultlib.rl_ram_1r1w_generic(WRITE_ABITS=...
Compiling module xil_defaultlib.rl_ram_1r1w(ABITS=8)
Compiling module xil_defaultlib.ahb3lite_sram1rw_default
Compiling module xil_defaultlib.Zybo_Z7_top
Compiling module xil_defaultlib.zybo_z7_tb
Compiling module xil_defaultlib.glbl
Built simulation snapshot zybo_z7_tb_behav
